Build started 10.08.2014 23:25:44.
     1>Project "C:\Users\Nasher\Desktop\Summer cookies\math\smrck-e1\smrck-e1\smrck-e1.vcxproj" on node 2 (Build target(s)).
     1>ClCompile:
         C:\Program Files (x86)\Microsoft Visual Studio 12.0\VC\bin\CL.exe /c /ZI /nologo /W3 /WX- /Od /Oy- /D WIN32 /D _DEBUG /D _CONSOLE /D _LIB /D _UNICODE /D UNICODE /Gm /EHsc /RTC1 /MDd /GS /fp:precise /Zc:wchar_t /Zc:forScope /Fo"Debug\\" /Fd"Debug\vc120.pdb" /Gd /TP /analyze- /errorReport:prompt fnc.cpp main.cpp
         main.cpp
     1>c:\users\nasher\desktop\summer cookies\math\smrck-e1\smrck-e1\main.cpp(23): warning C4305: '+=' : truncation from 'double' to 'float'
         fnc.cpp
     1>c:\users\nasher\desktop\summer cookies\math\smrck-e1\smrck-e1\fnc.cpp(20): warning C4018: '<' : signed/unsigned mismatch
     1>c:\users\nasher\desktop\summer cookies\math\smrck-e1\smrck-e1\fnc.cpp(43): warning C4018: '<' : signed/unsigned mismatch
     1>c:\users\nasher\desktop\summer cookies\math\smrck-e1\smrck-e1\fnc.cpp(72): warning C4018: '<' : signed/unsigned mismatch
     1>c:\users\nasher\desktop\summer cookies\math\smrck-e1\smrck-e1\fnc.cpp(90): warning C4018: '<' : signed/unsigned mismatch
     1>c:\users\nasher\desktop\summer cookies\math\smrck-e1\smrck-e1\fnc.cpp(106): warning C4018: '<' : signed/unsigned mismatch
     1>c:\users\nasher\desktop\summer cookies\math\smrck-e1\smrck-e1\fnc.cpp(109): warning C4018: '<' : signed/unsigned mismatch
     1>c:\users\nasher\desktop\summer cookies\math\smrck-e1\smrck-e1\fnc.cpp(277): warning C4244: 'argument' : conversion from 'double' to 'float', possible loss of data
         Generating Code...
       Link:
         C:\Program Files (x86)\Microsoft Visual Studio 12.0\VC\bin\link.exe /ERRORREPORT:PROMPT /OUT:"C:\Users\Nasher\Desktop\Summer cookies\math\smrck-e1\Debug\smrck-e1.exe" /INCREMENTAL /NOLOGO kernel32.lib user32.lib gdi32.lib winspool.lib comdlg32.lib advapi32.lib shell32.lib ole32.lib oleaut32.lib uuid.lib odbc32.lib odbccp32.lib /MANIFEST /MANIFESTUAC:"level='asInvoker' uiAccess='false'" /manifest:embed /DEBUG /PDB:"C:\Users\Nasher\Desktop\Summer cookies\math\smrck-e1\Debug\smrck-e1.pdb" /SUBSYSTEM:CONSOLE /TLBID:1 /DYNAMICBASE /NXCOMPAT /IMPLIB:"C:\Users\Nasher\Desktop\Summer cookies\math\smrck-e1\Debug\smrck-e1.lib" /MACHINE:X86 Debug\fnc.obj
         Debug\main.obj
         smrck-e1.vcxproj -> C:\Users\Nasher\Desktop\Summer cookies\math\smrck-e1\Debug\smrck-e1.exe
     1>Done Building Project "C:\Users\Nasher\Desktop\Summer cookies\math\smrck-e1\smrck-e1\smrck-e1.vcxproj" (Build target(s)).

Build succeeded.

Time Elapsed 00:00:03.85
